Using pre-set license
Built from '2020.2/release' branch; Version is '2020.2.2f1 (068178b99f32) revision 426360'; Using compiler version '192528614'; Build Type 'Release'
OS: 'Windows 10 Pro; OS build 19042.746; Version 2009; 64bit' Language: 'fr' Physical Memory: 8075 MB
BatchMode: 1, IsHumanControllingUs: 0, StartBugReporterOnCrash: 0, Is64bit: 1, IsPro: 0

 COMMAND LINE ARGUMENTS:
C:\Program Files\Unity\Hub\Editor\2020.2.2f1\Editor\Unity.exe
-adb2
-batchMode
-noUpm
-name
AssetImportWorker0
-projectPath
C:/Users/liumi/OneDrive/Documents/GitHub/Elebellum
-logFile
Logs/AssetImportWorker0.log
-srvPort
50124
Successfully changed project path to: C:/Users/liumi/OneDrive/Documents/GitHub/Elebellum
C:/Users/liumi/OneDrive/Documents/GitHub/Elebellum
Using Asset Import Pipeline V2.
Refreshing native plugins compatible for Editor in 58.65 ms, found 2 plugins.
Preloading 0 native plugins for Editor in 0.00 ms.
Initialize engine version: 2020.2.2f1 (068178b99f32)
[Subsystems] Discovering subsystems at path C:/Program Files/Unity/Hub/Editor/2020.2.2f1/Editor/Data/Resources/UnitySubsystems
[Subsystems] Discovering subsystems at path C:/Users/liumi/OneDrive/Documents/GitHub/Elebellum/Assets
GfxDevice: creating device client; threaded=0
Direct3D:
    Version:  Direct3D 11.0 [level 11.1]
    Renderer: NVIDIA GeForce GTX 1060 (ID=0x1c20)
    Vendor:   
    VRAM:     2987 MB
    Driver:   27.21.14.6109
Initialize mono
Mono path[0] = 'C:/Program Files/Unity/Hub/Editor/2020.2.2f1/Editor/Data/Managed'
Mono path[1] = 'C:/Program Files/Unity/Hub/Editor/2020.2.2f1/Editor/Data/MonoBleedingEdge/lib/mono/unityjit'
Mono config path = 'C:/Program Files/Unity/Hub/Editor/2020.2.2f1/Editor/Data/MonoBleedingEdge/etc'
Using monoOptions --debugger-agent=transport=dt_socket,embedding=1,server=y,suspend=n,address=127.0.0.1:56272
Begin MonoManager ReloadAssembly
Registering precompiled unity dll's ...
Register platform support module: C:/Program Files/Unity/Hub/Editor/2020.2.2f1/Editor/Data/PlaybackEngines/WindowsStandaloneSupport/UnityEditor.WindowsStandalone.Extensions.dll
Registered in 0.002430 seconds.
Native extension for WindowsStandalone target not found
Refreshing native plugins compatible for Editor in 39.03 ms, found 2 plugins.
Preloading 0 native plugins for Editor in 0.00 ms.
Invoked RoslynAnalysisRunner static constructor.
RoslynAnalysisRunner will not be running.
RoslynAnalysisRunner has terminated.
Mono: successfully reloaded assembly
- Completed reload, in  1.484 seconds
Platform modules already initialized, skipping
Registering precompiled user dll's ...
Registered in 0.008913 seconds.
Begin MonoManager ReloadAssembly
Native extension for WindowsStandalone target not found
Refreshing native plugins compatible for Editor in 0.39 ms, found 2 plugins.
Preloading 0 native plugins for Editor in 0.00 ms.
Invoked RoslynAnalysisRunner static constructor.
RoslynAnalysisRunner will not be running.
RoslynAnalysisRunner has terminated.
Mono: successfully reloaded assembly
- Completed reload, in  1.132 seconds
Platform modules already initialized, skipping
========================================================================
Worker process is ready to serve import requests
Launched and connected shader compiler UnityShaderCompiler.exe after 0.06 seconds
Refreshing native plugins compatible for Editor in 0.38 ms, found 2 plugins.
Preloading 0 native plugins for Editor in 0.00 ms.
Unloading 1181 Unused Serialized files (Serialized files now loaded: 0)
System memory in use before: 59.8 MB.
System memory in use after: 59.9 MB.

Unloading 30 unused Assets to reduce memory usage. Loaded Objects now: 1652.
Total: 5.469200 ms (FindLiveObjects: 0.575900 ms CreateObjectMapping: 0.076900 ms MarkObjects: 4.707100 ms  DeleteObjects: 0.107500 ms)

========================================================================
Received Import Request.
  path: Assets/BlueFireball.prefab
  artifactKey: Guid(2634db6cc269468468fe1c086e8a80c8) Importer(815301076,1909f56bfc062723c751e8b465ee728b)
Start importing Assets/BlueFireball.prefab using Guid(2634db6cc269468468fe1c086e8a80c8) Importer(815301076,1909f56bfc062723c751e8b465ee728b)  -> (artifact id: 'f3d69402bb1366be814318ae46b46628') in 0.282092 seconds
  Import took 0.285010 seconds .

========================================================================
Received Import Request.
  Time since last request: 0.001945 seconds.
  path: Assets/bullet1.png
  artifactKey: Guid(c5ef650ecf5b85e41aaa68c24810420e) Importer(815301076,1909f56bfc062723c751e8b465ee728b)
Start importing Assets/bullet1.png using Guid(c5ef650ecf5b85e41aaa68c24810420e) Importer(815301076,1909f56bfc062723c751e8b465ee728b)  -> (artifact id: 'b6371c4f070db9dfa878a6a2ff978ae1') in 0.168700 seconds
  Import took 0.171476 seconds .

========================================================================
Received Import Request.
  Time since last request: 0.000202 seconds.
  path: Assets/Lhandlers Logo.png
  artifactKey: Guid(2e1b50d0725059a4984a8020dbca3dec) Importer(815301076,1909f56bfc062723c751e8b465ee728b)
Start importing Assets/Lhandlers Logo.png using Guid(2e1b50d0725059a4984a8020dbca3dec) Importer(815301076,1909f56bfc062723c751e8b465ee728b)  -> (artifact id: 'f1b93bb76b628ed5343c965daad71c44') in 0.048684 seconds
  Import took 0.052049 seconds .

========================================================================
Received Import Request.
  Time since last request: 0.000200 seconds.
  path: Assets/logo.bmp
  artifactKey: Guid(04e0490152fc12e4b847df73a487fdc9) Importer(815301076,1909f56bfc062723c751e8b465ee728b)
Start importing Assets/logo.bmp using Guid(04e0490152fc12e4b847df73a487fdc9) Importer(815301076,1909f56bfc062723c751e8b465ee728b)  -> (artifact id: '67bea4c9b513c0c2b3abaac7e75a1634') in 0.051640 seconds
  Import took 0.054573 seconds .

========================================================================
Received Import Request.
  Time since last request: 0.000200 seconds.
  path: Assets/Bullet.prefab
  artifactKey: Guid(8f4f03257ceb726488dc8b9d6d718ae5) Importer(815301076,1909f56bfc062723c751e8b465ee728b)
Start importing Assets/Bullet.prefab using Guid(8f4f03257ceb726488dc8b9d6d718ae5) Importer(815301076,1909f56bfc062723c751e8b465ee728b)  -> (artifact id: 'a486cc7e636955fa97f85a307102e914') in 0.031893 seconds
  Import took 0.034130 seconds .

========================================================================
Received Import Request.
  Time since last request: 0.000240 seconds.
  path: Assets/planet.png
  artifactKey: Guid(38f5c4dad576a2947a98850eff6f4a3b) Importer(815301076,1909f56bfc062723c751e8b465ee728b)
Start importing Assets/planet.png using Guid(38f5c4dad576a2947a98850eff6f4a3b) Importer(815301076,1909f56bfc062723c751e8b465ee728b)  -> (artifact id: '594e3dd4eb18aa9724e6acd9fba0e2f7') in 2.750371 seconds
  Import took 2.752670 seconds .

========================================================================
Received Import Request.
  Time since last request: 0.000348 seconds.
  path: Assets/Bullet.prefab
  artifactKey: Guid(8f4f03257ceb726488dc8b9d6d718ae5) Importer(815301076,1909f56bfc062723c751e8b465ee728b)
Start importing Assets/Bullet.prefab using Guid(8f4f03257ceb726488dc8b9d6d718ae5) Importer(815301076,1909f56bfc062723c751e8b465ee728b)  -> (artifact id: 'a486cc7e636955fa97f85a307102e914') in 0.009061 seconds
  Import took 0.011219 seconds .

========================================================================
Received Import Request.
  Time since last request: 6.063930 seconds.
  path: Assets/planet.png
  artifactKey: Guid(38f5c4dad576a2947a98850eff6f4a3b) Importer(815301076,1909f56bfc062723c751e8b465ee728b)
Start importing Assets/planet.png using Guid(38f5c4dad576a2947a98850eff6f4a3b) Importer(815301076,1909f56bfc062723c751e8b465ee728b)  -> (artifact id: '594e3dd4eb18aa9724e6acd9fba0e2f7') in 0.049368 seconds
  Import took 0.052591 seconds .

========================================================================
Received Import Request.
  Time since last request: 17.308831 seconds.
  path: Assets/Scenes/Game.unity
  artifactKey: Guid(b83359c13c3f6774aae6d2e5f9489e58) Importer(815301076,1909f56bfc062723c751e8b465ee728b)
Start importing Assets/Scenes/Game.unity using Guid(b83359c13c3f6774aae6d2e5f9489e58) Importer(815301076,1909f56bfc062723c751e8b465ee728b)  -> (artifact id: 'b67bff7bbc0392b5326911ea0519da7c') in 0.024796 seconds
  Import took 0.028496 seconds .

========================================================================
Received Prepare
Registering precompiled user dll's ...
Registered in 0.023145 seconds.
Begin MonoManager ReloadAssembly
Native extension for WindowsStandalone target not found
Refreshing native plugins compatible for Editor in 0.38 ms, found 2 plugins.
Preloading 0 native plugins for Editor in 0.00 ms.
Invoked RoslynAnalysisRunner static constructor.
RoslynAnalysisRunner will not be running.
RoslynAnalysisRunner has terminated.
Mono: successfully reloaded assembly
- Completed reload, in  0.968 seconds
Platform modules already initialized, skipping
Refreshing native plugins compatible for Editor in 0.38 ms, found 2 plugins.
Preloading 0 native plugins for Editor in 0.00 ms.
Unloading 1176 Unused Serialized files (Serialized files now loaded: 0)
System memory in use before: 63.0 MB.
System memory in use after: 63.1 MB.

Unloading 21 unused Assets to reduce memory usage. Loaded Objects now: 1670.
Total: 1.775800 ms (FindLiveObjects: 0.139900 ms CreateObjectMapping: 0.042100 ms MarkObjects: 1.554400 ms  DeleteObjects: 0.038300 ms)

========================================================================
Received Prepare
Registering precompiled user dll's ...
Registered in 0.023302 seconds.
Begin MonoManager ReloadAssembly
Native extension for WindowsStandalone target not found
Refreshing native plugins compatible for Editor in 0.38 ms, found 2 plugins.
Preloading 0 native plugins for Editor in 0.00 ms.
Invoked RoslynAnalysisRunner static constructor.
RoslynAnalysisRunner will not be running.
RoslynAnalysisRunner has terminated.
Mono: successfully reloaded assembly
- Completed reload, in  1.013 seconds
Platform modules already initialized, skipping
Refreshing native plugins compatible for Editor in 0.37 ms, found 2 plugins.
Preloading 0 native plugins for Editor in 0.00 ms.
Unloading 1176 Unused Serialized files (Serialized files now loaded: 0)
System memory in use before: 63.1 MB.
System memory in use after: 63.2 MB.

Unloading 21 unused Assets to reduce memory usage. Loaded Objects now: 1672.
Total: 1.616800 ms (FindLiveObjects: 0.159500 ms CreateObjectMapping: 0.048500 ms MarkObjects: 1.386300 ms  DeleteObjects: 0.020900 ms)

AssetImportWorkerClient::OnTransportError - code=2 error=End of file
